<?xml version="1.0" encoding="UTF-8"?>
<!-- Generated by org.testng.reporters.JUnitReportReporter -->
<testsuite hostname="SANTHOSH" failures="0" tests="1" name="TestTestNgWithSelenium.Selenium.TestSuiteExample" time="10.787" errors="0" timestamp="24 Feb 2024 16:55:13 GMT" skipped="0">
  <testcase classname="TestTestNgWithSelenium.Selenium.TestSuiteExample" name="VaildUserNameVaildPassWord" time="10.787"/>
</testsuite> <!-- TestTestNgWithSelenium.Selenium.TestSuiteExample -->
