<?xml version="1.0" encoding="UTF-8"?>
<!-- Generated by org.testng.reporters.JUnitReportReporter -->
<testsuite hostname="SANTHOSH" failures="0" tests="1" name="TestNGMarchPractice.KareClouds" time="6.543" errors="0" timestamp="18 Mar 2024 17:09:36 GMT" skipped="0">
  <testcase classname="TestNGMarchPractice.KareClouds" name="LaunchApp" time="6.543"/>
</testsuite> <!-- TestNGMarchPractice.KareClouds -->
