<?xml version="1.0" encoding="UTF-8"?>
<!-- Generated by org.testng.reporters.JUnitReportReporter -->
<testsuite hostname="SANTHOSH" failures="0" tests="2" name="TestNGMarchPractice.FirstTest" time="23.824" errors="0" timestamp="18 Mar 2024 17:09:10 GMT" skipped="0">
  <testcase classname="TestNGMarchPractice.FirstTest" name="testFacebook" time="15.425"/>
  <testcase classname="TestNGMarchPractice.FirstTest" name="testGoogle" time="8.399"/>
</testsuite> <!-- TestNGMarchPractice.FirstTest -->
